<?xml version="1.0" encoding="UTF-8"?>
<coverage generated="1776537280574" clover="3.2.0">
  <project timestamp="1776537280574" name="All files">
    <metrics statements="15" coveredstatements="15" conditionals="15" coveredconditionals="15" methods="4" coveredmethods="4" elements="34" coveredelements="34" complexity="0" loc="15" ncloc="15" packages="1" files="1" classes="1"/>
    <file name="loginValidation.ts" path="C:\Users\ACER\Documents\1\smartgrocery_fe_customer_staff\src\utils\loginValidation.ts">
      <metrics statements="15" coveredstatements="15" conditionals="15" coveredconditionals="15" methods="4" coveredmethods="4"/>
      <line num="1" count="1" type="cond" truecount="1" falsecount="0"/>
      <line num="3" count="1" type="cond" truecount="1" falsecount="0"/>
      <line num="4" count="6" type="cond" truecount="2" falsecount="0"/>
      <line num="5" count="6" type="cond" truecount="2" falsecount="0"/>
      <line num="6" count="6" type="cond" truecount="1" falsecount="0"/>
      <line num="7" count="1" type="stmt"/>
      <line num="8" count="1" type="stmt"/>
      <line num="10" count="1" type="cond" truecount="1" falsecount="0"/>
      <line num="11" count="6" type="cond" truecount="2" falsecount="0"/>
      <line num="12" count="6" type="cond" truecount="2" falsecount="0"/>
      <line num="13" count="6" type="cond" truecount="1" falsecount="0"/>
      <line num="14" count="1" type="stmt"/>
      <line num="15" count="1" type="stmt"/>
      <line num="17" count="1" type="cond" truecount="1" falsecount="0"/>
      <line num="18" count="3" type="cond" truecount="1" falsecount="0"/>
    </file>
  </project>
</coverage>
