{"C:\\Users\\ACER\\Documents\\1\\smartgrocery_fe_customer_staff\\src\\components\\ui\\PhotoCaptureFlow.tsx": {"path":"C:\\Users\\ACER\\Documents\\1\\smartgrocery_fe_customer_staff\\src\\components\\ui\\PhotoCaptureFlow.tsx","all":false,"statementMap":{"0":{"start":{"line":1,"column":0},"end":{"line":1,"column":81}},"1":{"start":{"line":2,"column":0},"end":{"line":2,"column":120}},"2":{"start":{"line":3,"column":0},"end":{"line":3,"column":63}},"3":{"start":{"line":4,"column":0},"end":{"line":4,"column":49}},"4":{"start":{"line":5,"column":0},"end":{"line":5,"column":100}},"5":{"start":{"line":6,"column":0},"end":{"line":6,"column":24}},"6":{"start":{"line":7,"column":0},"end":{"line":7,"column":74}},"27":{"start":{"line":28,"column":0},"end":{"line":28,"column":34}},"29":{"start":{"line":30,"column":0},"end":{"line":30,"column":42}},"30":{"start":{"line":31,"column":0},"end":{"line":31,"column":10}},"31":{"start":{"line":32,"column":0},"end":{"line":32,"column":7}},"32":{"start":{"line":33,"column":0},"end":{"line":33,"column":13}},"33":{"start":{"line":34,"column":0},"end":{"line":34,"column":14}},"34":{"start":{"line":35,"column":0},"end":{"line":35,"column":33}},"35":{"start":{"line":36,"column":0},"end":{"line":36,"column":10}},"36":{"start":{"line":37,"column":0},"end":{"line":37,"column":13}},"37":{"start":{"line":38,"column":0},"end":{"line":38,"column":16}},"38":{"start":{"line":39,"column":0},"end":{"line":39,"column":22}},"39":{"start":{"line":40,"column":0},"end":{"line":40,"column":20}},"40":{"start":{"line":41,"column":0},"end":{"line":41,"column":27}},"41":{"start":{"line":42,"column":0},"end":{"line":42,"column":27}},"42":{"start":{"line":43,"column":0},"end":{"line":43,"column":50}},"43":{"start":{"line":44,"column":0},"end":{"line":44,"column":65}},"45":{"start":{"line":46,"column":0},"end":{"line":46,"column":77}},"46":{"start":{"line":47,"column":0},"end":{"line":47,"column":55}},"47":{"start":{"line":48,"column":0},"end":{"line":48,"column":58}},"48":{"start":{"line":49,"column":0},"end":{"line":49,"column":46}},"49":{"start":{"line":50,"column":0},"end":{"line":50,"column":72}},"51":{"start":{"line":52,"column":0},"end":{"line":52,"column":38}},"52":{"start":{"line":53,"column":0},"end":{"line":53,"column":57}},"53":{"start":{"line":54,"column":0},"end":{"line":54,"column":72}},"55":{"start":{"line":56,"column":0},"end":{"line":56,"column":60}},"56":{"start":{"line":57,"column":0},"end":{"line":57,"column":29}},"57":{"start":{"line":58,"column":0},"end":{"line":58,"column":61}},"58":{"start":{"line":59,"column":0},"end":{"line":59,"column":71}},"59":{"start":{"line":60,"column":0},"end":{"line":60,"column":48}},"60":{"start":{"line":61,"column":0},"end":{"line":61,"column":9}},"62":{"start":{"line":63,"column":0},"end":{"line":63,"column":39}},"63":{"start":{"line":64,"column":0},"end":{"line":64,"column":38}},"64":{"start":{"line":65,"column":0},"end":{"line":65,"column":25}},"65":{"start":{"line":66,"column":0},"end":{"line":66,"column":33}},"66":{"start":{"line":67,"column":0},"end":{"line":67,"column":43}},"67":{"start":{"line":68,"column":0},"end":{"line":68,"column":22}},"68":{"start":{"line":69,"column":0},"end":{"line":69,"column":30}},"69":{"start":{"line":70,"column":0},"end":{"line":70,"column":44}},"70":{"start":{"line":71,"column":0},"end":{"line":71,"column":6}},"71":{"start":{"line":72,"column":0},"end":{"line":72,"column":30}},"72":{"start":{"line":73,"column":0},"end":{"line":73,"column":4}},"74":{"start":{"line":75,"column":0},"end":{"line":75,"column":35}},"75":{"start":{"line":76,"column":0},"end":{"line":76,"column":27}},"76":{"start":{"line":77,"column":0},"end":{"line":77,"column":22}},"77":{"start":{"line":78,"column":0},"end":{"line":78,"column":21}},"78":{"start":{"line":79,"column":0},"end":{"line":79,"column":26}},"79":{"start":{"line":80,"column":0},"end":{"line":80,"column":61}},"80":{"start":{"line":81,"column":0},"end":{"line":81,"column":30}},"81":{"start":{"line":82,"column":0},"end":{"line":82,"column":25}},"82":{"start":{"line":83,"column":0},"end":{"line":83,"column":26}},"83":{"start":{"line":84,"column":0},"end":{"line":84,"column":17}},"85":{"start":{"line":86,"column":0},"end":{"line":86,"column":19}},"86":{"start":{"line":87,"column":0},"end":{"line":87,"column":26}},"87":{"start":{"line":88,"column":0},"end":{"line":88,"column":23}},"89":{"start":{"line":90,"column":0},"end":{"line":90,"column":35}},"90":{"start":{"line":91,"column":0},"end":{"line":91,"column":14}},"91":{"start":{"line":92,"column":0},"end":{"line":92,"column":12}},"92":{"start":{"line":93,"column":0},"end":{"line":93,"column":23}},"94":{"start":{"line":95,"column":0},"end":{"line":95,"column":46}},"95":{"start":{"line":96,"column":0},"end":{"line":96,"column":32}},"96":{"start":{"line":97,"column":0},"end":{"line":97,"column":95}},"97":{"start":{"line":98,"column":0},"end":{"line":98,"column":13}},"98":{"start":{"line":99,"column":0},"end":{"line":99,"column":5}},"100":{"start":{"line":101,"column":0},"end":{"line":101,"column":30}},"101":{"start":{"line":102,"column":0},"end":{"line":102,"column":33}},"102":{"start":{"line":103,"column":0},"end":{"line":103,"column":13}},"103":{"start":{"line":104,"column":0},"end":{"line":104,"column":5}},"105":{"start":{"line":106,"column":0},"end":{"line":106,"column":42}},"106":{"start":{"line":107,"column":0},"end":{"line":107,"column":23}},"107":{"start":{"line":108,"column":0},"end":{"line":108,"column":77}},"108":{"start":{"line":109,"column":0},"end":{"line":109,"column":13}},"109":{"start":{"line":110,"column":0},"end":{"line":110,"column":5}},"111":{"start":{"line":112,"column":0},"end":{"line":112,"column":31}},"112":{"start":{"line":113,"column":0},"end":{"line":113,"column":76}},"114":{"start":{"line":115,"column":0},"end":{"line":115,"column":47}},"115":{"start":{"line":116,"column":0},"end":{"line":116,"column":28}},"116":{"start":{"line":117,"column":0},"end":{"line":117,"column":31}},"117":{"start":{"line":118,"column":0},"end":{"line":118,"column":48}},"118":{"start":{"line":119,"column":0},"end":{"line":119,"column":19}},"120":{"start":{"line":121,"column":0},"end":{"line":121,"column":48}},"121":{"start":{"line":122,"column":0},"end":{"line":122,"column":35}},"122":{"start":{"line":123,"column":0},"end":{"line":123,"column":56}},"123":{"start":{"line":124,"column":0},"end":{"line":124,"column":48}},"124":{"start":{"line":125,"column":0},"end":{"line":125,"column":26}},"126":{"start":{"line":127,"column":0},"end":{"line":127,"column":51}},"127":{"start":{"line":128,"column":0},"end":{"line":128,"column":30}},"128":{"start":{"line":129,"column":0},"end":{"line":129,"column":23}},"129":{"start":{"line":130,"column":0},"end":{"line":130,"column":20}},"130":{"start":{"line":131,"column":0},"end":{"line":131,"column":9}},"131":{"start":{"line":132,"column":0},"end":{"line":132,"column":61}},"132":{"start":{"line":133,"column":0},"end":{"line":133,"column":31}},"133":{"start":{"line":134,"column":0},"end":{"line":134,"column":29}},"134":{"start":{"line":135,"column":0},"end":{"line":135,"column":21}},"135":{"start":{"line":136,"column":0},"end":{"line":136,"column":9}},"136":{"start":{"line":137,"column":0},"end":{"line":137,"column":54}},"137":{"start":{"line":138,"column":0},"end":{"line":138,"column":37}},"138":{"start":{"line":139,"column":0},"end":{"line":139,"column":17}},"139":{"start":{"line":140,"column":0},"end":{"line":140,"column":58}},"140":{"start":{"line":141,"column":0},"end":{"line":141,"column":15}},"141":{"start":{"line":142,"column":0},"end":{"line":142,"column":7}},"142":{"start":{"line":143,"column":0},"end":{"line":143,"column":22}},"143":{"start":{"line":144,"column":0},"end":{"line":144,"column":14}},"144":{"start":{"line":145,"column":0},"end":{"line":145,"column":13}},"145":{"start":{"line":146,"column":0},"end":{"line":146,"column":50}},"146":{"start":{"line":147,"column":0},"end":{"line":147,"column":15}},"147":{"start":{"line":148,"column":0},"end":{"line":148,"column":23}},"148":{"start":{"line":149,"column":0},"end":{"line":149,"column":5}},"149":{"start":{"line":150,"column":0},"end":{"line":150,"column":59}},"151":{"start":{"line":152,"column":0},"end":{"line":152,"column":48}},"152":{"start":{"line":153,"column":0},"end":{"line":153,"column":23}},"153":{"start":{"line":154,"column":0},"end":{"line":154,"column":20}},"154":{"start":{"line":155,"column":0},"end":{"line":155,"column":9}},"155":{"start":{"line":156,"column":0},"end":{"line":156,"column":34}},"156":{"start":{"line":157,"column":0},"end":{"line":157,"column":57}},"157":{"start":{"line":158,"column":0},"end":{"line":158,"column":33}},"158":{"start":{"line":159,"column":0},"end":{"line":159,"column":31}},"159":{"start":{"line":160,"column":0},"end":{"line":160,"column":23}},"160":{"start":{"line":161,"column":0},"end":{"line":161,"column":11}},"161":{"start":{"line":162,"column":0},"end":{"line":162,"column":56}},"162":{"start":{"line":163,"column":0},"end":{"line":163,"column":39}},"163":{"start":{"line":164,"column":0},"end":{"line":164,"column":19}},"164":{"start":{"line":165,"column":0},"end":{"line":165,"column":57}},"165":{"start":{"line":166,"column":0},"end":{"line":166,"column":17}},"166":{"start":{"line":167,"column":0},"end":{"line":167,"column":9}},"167":{"start":{"line":168,"column":0},"end":{"line":168,"column":24}},"168":{"start":{"line":169,"column":0},"end":{"line":169,"column":16}},"169":{"start":{"line":170,"column":0},"end":{"line":170,"column":15}},"170":{"start":{"line":171,"column":0},"end":{"line":171,"column":7}},"172":{"start":{"line":173,"column":0},"end":{"line":173,"column":33}},"173":{"start":{"line":174,"column":0},"end":{"line":174,"column":79}},"174":{"start":{"line":175,"column":0},"end":{"line":175,"column":15}},"175":{"start":{"line":176,"column":0},"end":{"line":176,"column":7}},"176":{"start":{"line":177,"column":0},"end":{"line":177,"column":91}},"177":{"start":{"line":178,"column":0},"end":{"line":178,"column":49}},"178":{"start":{"line":179,"column":0},"end":{"line":179,"column":15}},"179":{"start":{"line":180,"column":0},"end":{"line":180,"column":7}},"181":{"start":{"line":182,"column":0},"end":{"line":182,"column":62}},"182":{"start":{"line":183,"column":0},"end":{"line":183,"column":21}},"183":{"start":{"line":184,"column":0},"end":{"line":184,"column":29}},"184":{"start":{"line":185,"column":0},"end":{"line":185,"column":9}},"185":{"start":{"line":186,"column":0},"end":{"line":186,"column":29}},"186":{"start":{"line":187,"column":0},"end":{"line":187,"column":17}},"187":{"start":{"line":188,"column":0},"end":{"line":188,"column":55}},"188":{"start":{"line":189,"column":0},"end":{"line":189,"column":15}},"189":{"start":{"line":190,"column":0},"end":{"line":190,"column":7}},"190":{"start":{"line":191,"column":0},"end":{"line":191,"column":22}},"191":{"start":{"line":192,"column":0},"end":{"line":192,"column":14}},"192":{"start":{"line":193,"column":0},"end":{"line":193,"column":13}},"193":{"start":{"line":194,"column":0},"end":{"line":194,"column":63}},"194":{"start":{"line":195,"column":0},"end":{"line":195,"column":15}},"195":{"start":{"line":196,"column":0},"end":{"line":196,"column":23}},"196":{"start":{"line":197,"column":0},"end":{"line":197,"column":5}},"197":{"start":{"line":198,"column":0},"end":{"line":198,"column":66}},"199":{"start":{"line":200,"column":0},"end":{"line":200,"column":89}},"200":{"start":{"line":201,"column":0},"end":{"line":201,"column":33}},"201":{"start":{"line":202,"column":0},"end":{"line":202,"column":93}},"202":{"start":{"line":203,"column":0},"end":{"line":203,"column":94}},"204":{"start":{"line":205,"column":0},"end":{"line":205,"column":31}},"205":{"start":{"line":206,"column":0},"end":{"line":206,"column":43}},"206":{"start":{"line":207,"column":0},"end":{"line":207,"column":46}},"207":{"start":{"line":208,"column":0},"end":{"line":208,"column":19}},"208":{"start":{"line":209,"column":0},"end":{"line":209,"column":51}},"209":{"start":{"line":210,"column":0},"end":{"line":210,"column":20}},"210":{"start":{"line":211,"column":0},"end":{"line":211,"column":22}},"212":{"start":{"line":213,"column":0},"end":{"line":213,"column":89}},"213":{"start":{"line":214,"column":0},"end":{"line":214,"column":87}},"215":{"start":{"line":216,"column":0},"end":{"line":216,"column":10}},"216":{"start":{"line":217,"column":0},"end":{"line":217,"column":10}},"217":{"start":{"line":218,"column":0},"end":{"line":218,"column":23}},"218":{"start":{"line":219,"column":0},"end":{"line":219,"column":27}},"219":{"start":{"line":220,"column":0},"end":{"line":220,"column":17}},"220":{"start":{"line":221,"column":0},"end":{"line":221,"column":28}},"221":{"start":{"line":222,"column":0},"end":{"line":222,"column":40}},"223":{"start":{"line":224,"column":0},"end":{"line":224,"column":40}},"224":{"start":{"line":225,"column":0},"end":{"line":225,"column":22}},"225":{"start":{"line":226,"column":0},"end":{"line":226,"column":89}},"226":{"start":{"line":227,"column":0},"end":{"line":227,"column":38}},"227":{"start":{"line":228,"column":0},"end":{"line":228,"column":65}},"229":{"start":{"line":230,"column":0},"end":{"line":230,"column":81}},"230":{"start":{"line":231,"column":0},"end":{"line":231,"column":89}},"231":{"start":{"line":232,"column":0},"end":{"line":232,"column":22}},"232":{"start":{"line":233,"column":0},"end":{"line":233,"column":29}},"233":{"start":{"line":234,"column":0},"end":{"line":234,"column":45}},"234":{"start":{"line":235,"column":0},"end":{"line":235,"column":40}},"235":{"start":{"line":236,"column":0},"end":{"line":236,"column":39}},"236":{"start":{"line":237,"column":0},"end":{"line":237,"column":60}},"237":{"start":{"line":238,"column":0},"end":{"line":238,"column":26}},"239":{"start":{"line":240,"column":0},"end":{"line":240,"column":71}},"240":{"start":{"line":241,"column":0},"end":{"line":241,"column":24}},"241":{"start":{"line":242,"column":0},"end":{"line":242,"column":17}},"243":{"start":{"line":244,"column":0},"end":{"line":244,"column":142}},"244":{"start":{"line":245,"column":0},"end":{"line":245,"column":130}},"245":{"start":{"line":246,"column":0},"end":{"line":246,"column":91}},"246":{"start":{"line":247,"column":0},"end":{"line":247,"column":17}},"248":{"start":{"line":249,"column":0},"end":{"line":249,"column":58}},"249":{"start":{"line":250,"column":0},"end":{"line":250,"column":22}},"250":{"start":{"line":251,"column":0},"end":{"line":251,"column":34}},"251":{"start":{"line":252,"column":0},"end":{"line":252,"column":39}},"252":{"start":{"line":253,"column":0},"end":{"line":253,"column":40}},"253":{"start":{"line":254,"column":0},"end":{"line":254,"column":51}},"254":{"start":{"line":255,"column":0},"end":{"line":255,"column":80}},"255":{"start":{"line":256,"column":0},"end":{"line":256,"column":82}},"256":{"start":{"line":257,"column":0},"end":{"line":257,"column":31}},"258":{"start":{"line":259,"column":0},"end":{"line":259,"column":87}},"259":{"start":{"line":260,"column":0},"end":{"line":260,"column":24}},"260":{"start":{"line":261,"column":0},"end":{"line":261,"column":17}},"261":{"start":{"line":262,"column":0},"end":{"line":262,"column":24}},"263":{"start":{"line":264,"column":0},"end":{"line":264,"column":22}},"264":{"start":{"line":265,"column":0},"end":{"line":265,"column":91}},"265":{"start":{"line":266,"column":0},"end":{"line":266,"column":38}},"266":{"start":{"line":267,"column":0},"end":{"line":267,"column":66}},"268":{"start":{"line":269,"column":0},"end":{"line":269,"column":76}},"269":{"start":{"line":270,"column":0},"end":{"line":270,"column":22}},"270":{"start":{"line":271,"column":0},"end":{"line":271,"column":55}},"271":{"start":{"line":272,"column":0},"end":{"line":272,"column":38}},"272":{"start":{"line":273,"column":0},"end":{"line":273,"column":40}},"273":{"start":{"line":274,"column":0},"end":{"line":274,"column":43}},"274":{"start":{"line":275,"column":0},"end":{"line":275,"column":88}},"275":{"start":{"line":276,"column":0},"end":{"line":276,"column":26}},"277":{"start":{"line":278,"column":0},"end":{"line":278,"column":55}},"278":{"start":{"line":279,"column":0},"end":{"line":279,"column":24}},"280":{"start":{"line":281,"column":0},"end":{"line":281,"column":90}},"282":{"start":{"line":283,"column":0},"end":{"line":283,"column":22}},"283":{"start":{"line":284,"column":0},"end":{"line":284,"column":29}},"284":{"start":{"line":285,"column":0},"end":{"line":285,"column":46}},"285":{"start":{"line":286,"column":0},"end":{"line":286,"column":40}},"286":{"start":{"line":287,"column":0},"end":{"line":287,"column":39}},"287":{"start":{"line":288,"column":0},"end":{"line":288,"column":88}},"288":{"start":{"line":289,"column":0},"end":{"line":289,"column":26}},"290":{"start":{"line":291,"column":0},"end":{"line":291,"column":45}},"291":{"start":{"line":292,"column":0},"end":{"line":292,"column":24}},"292":{"start":{"line":293,"column":0},"end":{"line":293,"column":17}},"294":{"start":{"line":295,"column":0},"end":{"line":295,"column":46}},"295":{"start":{"line":296,"column":0},"end":{"line":296,"column":27}},"296":{"start":{"line":297,"column":0},"end":{"line":297,"column":24}},"297":{"start":{"line":298,"column":0},"end":{"line":298,"column":37}},"298":{"start":{"line":299,"column":0},"end":{"line":299,"column":41}},"299":{"start":{"line":300,"column":0},"end":{"line":300,"column":42}},"300":{"start":{"line":301,"column":0},"end":{"line":301,"column":85}},"301":{"start":{"line":302,"column":0},"end":{"line":302,"column":84}},"302":{"start":{"line":303,"column":0},"end":{"line":303,"column":28}},"303":{"start":{"line":304,"column":0},"end":{"line":304,"column":34}},"305":{"start":{"line":306,"column":0},"end":{"line":306,"column":119}},"306":{"start":{"line":307,"column":0},"end":{"line":307,"column":126}},"307":{"start":{"line":308,"column":0},"end":{"line":308,"column":26}},"308":{"start":{"line":309,"column":0},"end":{"line":309,"column":21}},"309":{"start":{"line":310,"column":0},"end":{"line":310,"column":17}},"311":{"start":{"line":312,"column":0},"end":{"line":312,"column":63}},"312":{"start":{"line":313,"column":0},"end":{"line":313,"column":38}},"313":{"start":{"line":314,"column":0},"end":{"line":314,"column":159}},"314":{"start":{"line":315,"column":0},"end":{"line":315,"column":101}},"315":{"start":{"line":316,"column":0},"end":{"line":316,"column":104}},"316":{"start":{"line":317,"column":0},"end":{"line":317,"column":21}},"318":{"start":{"line":319,"column":0},"end":{"line":319,"column":107}},"319":{"start":{"line":320,"column":0},"end":{"line":320,"column":27}},"320":{"start":{"line":321,"column":0},"end":{"line":321,"column":33}},"321":{"start":{"line":322,"column":0},"end":{"line":322,"column":61}},"322":{"start":{"line":323,"column":0},"end":{"line":323,"column":33}},"323":{"start":{"line":324,"column":0},"end":{"line":324,"column":44}},"324":{"start":{"line":325,"column":0},"end":{"line":325,"column":18}},"326":{"start":{"line":327,"column":0},"end":{"line":327,"column":79}},"327":{"start":{"line":328,"column":0},"end":{"line":328,"column":82}},"328":{"start":{"line":329,"column":0},"end":{"line":329,"column":138}},"329":{"start":{"line":330,"column":0},"end":{"line":330,"column":111}},"330":{"start":{"line":331,"column":0},"end":{"line":331,"column":111}},"331":{"start":{"line":332,"column":0},"end":{"line":332,"column":112}},"332":{"start":{"line":333,"column":0},"end":{"line":333,"column":112}},"334":{"start":{"line":335,"column":0},"end":{"line":335,"column":132}},"335":{"start":{"line":336,"column":0},"end":{"line":336,"column":133}},"336":{"start":{"line":337,"column":0},"end":{"line":337,"column":135}},"337":{"start":{"line":338,"column":0},"end":{"line":338,"column":136}},"338":{"start":{"line":339,"column":0},"end":{"line":339,"column":25}},"339":{"start":{"line":340,"column":0},"end":{"line":340,"column":23}},"341":{"start":{"line":342,"column":0},"end":{"line":342,"column":80}},"342":{"start":{"line":343,"column":0},"end":{"line":343,"column":71}},"343":{"start":{"line":344,"column":0},"end":{"line":344,"column":124}},"344":{"start":{"line":345,"column":0},"end":{"line":345,"column":25}},"345":{"start":{"line":346,"column":0},"end":{"line":346,"column":23}},"346":{"start":{"line":347,"column":0},"end":{"line":347,"column":21}},"348":{"start":{"line":349,"column":0},"end":{"line":349,"column":17}},"350":{"start":{"line":351,"column":0},"end":{"line":351,"column":27}},"351":{"start":{"line":352,"column":0},"end":{"line":352,"column":74}},"352":{"start":{"line":353,"column":0},"end":{"line":353,"column":89}},"353":{"start":{"line":354,"column":0},"end":{"line":354,"column":106}},"354":{"start":{"line":355,"column":0},"end":{"line":355,"column":21}},"355":{"start":{"line":356,"column":0},"end":{"line":356,"column":19}},"356":{"start":{"line":357,"column":0},"end":{"line":357,"column":19}},"358":{"start":{"line":359,"column":0},"end":{"line":359,"column":58}},"359":{"start":{"line":360,"column":0},"end":{"line":360,"column":68}},"360":{"start":{"line":361,"column":0},"end":{"line":361,"column":24}},"361":{"start":{"line":362,"column":0},"end":{"line":362,"column":41}},"362":{"start":{"line":363,"column":0},"end":{"line":363,"column":43}},"363":{"start":{"line":364,"column":0},"end":{"line":364,"column":50}},"364":{"start":{"line":365,"column":0},"end":{"line":365,"column":42}},"365":{"start":{"line":366,"column":0},"end":{"line":366,"column":48}},"366":{"start":{"line":367,"column":0},"end":{"line":367,"column":101}},"367":{"start":{"line":368,"column":0},"end":{"line":368,"column":71}},"368":{"start":{"line":369,"column":0},"end":{"line":369,"column":28}},"370":{"start":{"line":371,"column":0},"end":{"line":371,"column":55}},"371":{"start":{"line":372,"column":0},"end":{"line":372,"column":88}},"372":{"start":{"line":373,"column":0},"end":{"line":373,"column":26}},"374":{"start":{"line":375,"column":0},"end":{"line":375,"column":24}},"375":{"start":{"line":376,"column":0},"end":{"line":376,"column":38}},"376":{"start":{"line":377,"column":0},"end":{"line":377,"column":43}},"377":{"start":{"line":378,"column":0},"end":{"line":378,"column":33}},"378":{"start":{"line":379,"column":0},"end":{"line":379,"column":42}},"379":{"start":{"line":380,"column":0},"end":{"line":380,"column":45}},"380":{"start":{"line":381,"column":0},"end":{"line":381,"column":95}},"381":{"start":{"line":382,"column":0},"end":{"line":382,"column":28}},"382":{"start":{"line":383,"column":0},"end":{"line":383,"column":53}},"384":{"start":{"line":385,"column":0},"end":{"line":385,"column":127}},"385":{"start":{"line":386,"column":0},"end":{"line":386,"column":26}},"387":{"start":{"line":388,"column":0},"end":{"line":388,"column":24}},"388":{"start":{"line":389,"column":0},"end":{"line":389,"column":38}},"389":{"start":{"line":390,"column":0},"end":{"line":390,"column":49}},"390":{"start":{"line":391,"column":0},"end":{"line":391,"column":55}},"391":{"start":{"line":392,"column":0},"end":{"line":392,"column":42}},"392":{"start":{"line":393,"column":0},"end":{"line":393,"column":47}},"393":{"start":{"line":394,"column":0},"end":{"line":394,"column":101}},"394":{"start":{"line":395,"column":0},"end":{"line":395,"column":76}},"395":{"start":{"line":396,"column":0},"end":{"line":396,"column":28}},"397":{"start":{"line":398,"column":0},"end":{"line":398,"column":81}},"398":{"start":{"line":399,"column":0},"end":{"line":399,"column":90}},"399":{"start":{"line":400,"column":0},"end":{"line":400,"column":26}},"400":{"start":{"line":401,"column":0},"end":{"line":401,"column":19}},"402":{"start":{"line":403,"column":0},"end":{"line":403,"column":23}},"403":{"start":{"line":404,"column":0},"end":{"line":404,"column":45}},"404":{"start":{"line":405,"column":0},"end":{"line":405,"column":111}},"405":{"start":{"line":406,"column":0},"end":{"line":406,"column":55}},"406":{"start":{"line":407,"column":0},"end":{"line":407,"column":93}},"407":{"start":{"line":408,"column":0},"end":{"line":408,"column":23}},"408":{"start":{"line":409,"column":0},"end":{"line":409,"column":21}},"409":{"start":{"line":410,"column":0},"end":{"line":410,"column":21}},"410":{"start":{"line":411,"column":0},"end":{"line":411,"column":17}},"411":{"start":{"line":412,"column":0},"end":{"line":412,"column":24}},"412":{"start":{"line":413,"column":0},"end":{"line":413,"column":13}},"413":{"start":{"line":414,"column":0},"end":{"line":414,"column":12}},"415":{"start":{"line":416,"column":0},"end":{"line":416,"column":1}}},"s":{"0":1,"1":1,"2":1,"3":1,"4":1,"5":1,"6":1,"27":1,"29":27,"30":27,"31":27,"32":27,"33":27,"34":27,"35":27,"36":27,"37":27,"38":27,"39":27,"40":27,"41":27,"42":27,"43":27,"45":27,"46":27,"47":27,"48":27,"49":27,"51":27,"52":27,"53":27,"55":27,"56":5,"57":5,"58":5,"59":5,"60":27,"62":27,"63":27,"64":6,"65":6,"66":6,"67":6,"68":6,"69":6,"70":6,"71":27,"72":27,"74":27,"75":2,"76":2,"77":2,"78":2,"79":2,"80":2,"81":2,"82":2,"83":27,"85":27,"86":10,"87":27,"89":27,"90":2,"91":2,"92":27,"94":27,"95":8,"96":1,"97":1,"98":1,"100":8,"101":6,"102":6,"103":6,"105":1,"106":1,"107":1,"108":1,"109":1,"111":0,"112":27,"114":27,"115":1,"116":1,"117":1,"118":27,"120":27,"121":1,"122":1,"123":1,"124":27,"126":27,"127":3,"128":3,"129":3,"130":3,"131":3,"132":3,"133":3,"134":3,"135":3,"136":3,"137":2,"138":3,"139":1,"140":1,"141":1,"142":1,"143":1,"144":3,"145":0,"146":3,"147":3,"148":3,"149":27,"151":27,"152":3,"153":3,"154":3,"155":3,"156":0,"157":0,"158":0,"159":0,"160":0,"161":0,"162":0,"163":0,"164":0,"165":0,"166":0,"167":0,"168":0,"169":0,"170":0,"172":3,"173":1,"174":1,"175":1,"176":3,"177":1,"178":1,"179":1,"181":1,"182":1,"183":1,"184":1,"185":1,"186":3,"187":0,"188":0,"189":0,"190":1,"191":1,"192":3,"193":0,"194":3,"195":3,"196":3,"197":27,"199":27,"200":27,"201":27,"202":27,"204":27,"205":10,"206":10,"207":10,"208":10,"209":10,"210":27,"212":27,"213":27,"215":27,"216":27,"217":27,"218":27,"219":27,"220":27,"221":27,"223":27,"224":27,"225":27,"226":27,"227":27,"229":27,"230":27,"231":27,"232":27,"233":27,"234":27,"235":27,"236":27,"237":27,"239":27,"240":27,"241":27,"243":27,"244":27,"245":27,"246":27,"248":27,"249":27,"250":27,"251":27,"252":27,"253":27,"254":27,"255":27,"256":27,"258":27,"259":27,"260":27,"261":27,"263":27,"264":27,"265":27,"266":27,"268":27,"269":27,"270":27,"271":27,"272":27,"273":27,"274":27,"275":27,"277":27,"278":27,"280":27,"282":27,"283":27,"284":27,"285":27,"286":27,"287":27,"288":27,"290":27,"291":27,"292":27,"294":27,"295":27,"296":27,"297":27,"298":27,"299":27,"300":27,"301":27,"302":27,"303":27,"305":27,"306":27,"307":27,"308":0,"309":27,"311":27,"312":27,"313":2,"314":2,"315":2,"316":2,"318":25,"319":25,"320":25,"321":25,"322":25,"323":25,"324":25,"326":25,"327":25,"328":25,"329":25,"330":25,"331":25,"332":25,"334":25,"335":25,"336":25,"337":25,"338":25,"339":25,"341":25,"342":25,"343":25,"344":25,"345":25,"346":25,"348":27,"350":27,"351":5,"352":5,"353":5,"354":5,"355":5,"356":22,"358":27,"359":27,"360":27,"361":27,"362":27,"363":27,"364":27,"365":27,"366":27,"367":27,"368":27,"370":27,"371":27,"372":27,"374":27,"375":27,"376":27,"377":27,"378":27,"379":27,"380":27,"381":27,"382":27,"384":27,"385":27,"387":27,"388":27,"389":27,"390":27,"391":27,"392":27,"393":27,"394":27,"395":27,"397":27,"398":27,"399":27,"400":27,"402":27,"403":1,"404":1,"405":1,"406":1,"407":1,"408":1,"409":26,"410":27,"411":27,"412":27,"413":27,"415":27},"branchMap":{"0":{"type":"branch","line":30,"loc":{"start":{"line":30,"column":0},"end":{"line":416,"column":1}},"locations":[{"start":{"line":30,"column":0},"end":{"line":416,"column":1}}]},"1":{"type":"branch","line":228,"loc":{"start":{"line":228,"column":39},"end":{"line":228,"column":58}},"locations":[{"start":{"line":228,"column":39},"end":{"line":228,"column":58}}]},"2":{"type":"branch","line":228,"loc":{"start":{"line":228,"column":49},"end":{"line":228,"column":65}},"locations":[{"start":{"line":228,"column":49},"end":{"line":228,"column":65}}]},"3":{"type":"branch","line":245,"loc":{"start":{"line":245,"column":86},"end":{"line":245,"column":111}},"locations":[{"start":{"line":245,"column":86},"end":{"line":245,"column":111}}]},"4":{"type":"branch","line":245,"loc":{"start":{"line":245,"column":98},"end":{"line":245,"column":123}},"locations":[{"start":{"line":245,"column":98},"end":{"line":245,"column":123}}]},"5":{"type":"branch","line":256,"loc":{"start":{"line":256,"column":63},"end":{"line":256,"column":78}},"locations":[{"start":{"line":256,"column":63},"end":{"line":256,"column":78}}]},"6":{"type":"branch","line":256,"loc":{"start":{"line":256,"column":72},"end":{"line":256,"column":80}},"locations":[{"start":{"line":256,"column":72},"end":{"line":256,"column":80}}]},"7":{"type":"branch","line":267,"loc":{"start":{"line":267,"column":39},"end":{"line":267,"column":59}},"locations":[{"start":{"line":267,"column":39},"end":{"line":267,"column":59}}]},"8":{"type":"branch","line":267,"loc":{"start":{"line":267,"column":50},"end":{"line":267,"column":66}},"locations":[{"start":{"line":267,"column":50},"end":{"line":267,"column":66}}]},"9":{"type":"branch","line":301,"loc":{"start":{"line":301,"column":36},"end":{"line":301,"column":69}},"locations":[{"start":{"line":301,"column":36},"end":{"line":301,"column":69}}]},"10":{"type":"branch","line":301,"loc":{"start":{"line":301,"column":51},"end":{"line":301,"column":85}},"locations":[{"start":{"line":301,"column":51},"end":{"line":301,"column":85}}]},"11":{"type":"branch","line":306,"loc":{"start":{"line":306,"column":17},"end":{"line":306,"column":78}},"locations":[{"start":{"line":306,"column":17},"end":{"line":306,"column":78}}]},"12":{"type":"branch","line":306,"loc":{"start":{"line":306,"column":73},"end":{"line":306,"column":119}},"locations":[{"start":{"line":306,"column":73},"end":{"line":306,"column":119}}]},"13":{"type":"branch","line":307,"loc":{"start":{"line":307,"column":74},"end":{"line":307,"column":103}},"locations":[{"start":{"line":307,"column":74},"end":{"line":307,"column":103}}]},"14":{"type":"branch","line":307,"loc":{"start":{"line":307,"column":89},"end":{"line":307,"column":119}},"locations":[{"start":{"line":307,"column":89},"end":{"line":307,"column":119}}]},"15":{"type":"branch","line":308,"loc":{"start":{"line":308,"column":14},"end":{"line":309,"column":21}},"locations":[{"start":{"line":308,"column":14},"end":{"line":309,"column":21}}]},"16":{"type":"branch","line":313,"loc":{"start":{"line":313,"column":29},"end":{"line":317,"column":21}},"locations":[{"start":{"line":313,"column":29},"end":{"line":317,"column":21}}]},"17":{"type":"branch","line":317,"loc":{"start":{"line":317,"column":14},"end":{"line":347,"column":21}},"locations":[{"start":{"line":317,"column":14},"end":{"line":347,"column":21}}]},"18":{"type":"branch","line":351,"loc":{"start":{"line":351,"column":11},"end":{"line":356,"column":19}},"locations":[{"start":{"line":351,"column":11},"end":{"line":356,"column":19}}]},"19":{"type":"branch","line":356,"loc":{"start":{"line":356,"column":12},"end":{"line":357,"column":19}},"locations":[{"start":{"line":356,"column":12},"end":{"line":357,"column":19}}]},"20":{"type":"branch","line":368,"loc":{"start":{"line":368,"column":51},"end":{"line":368,"column":64}},"locations":[{"start":{"line":368,"column":51},"end":{"line":368,"column":64}}]},"21":{"type":"branch","line":368,"loc":{"start":{"line":368,"column":60},"end":{"line":368,"column":69}},"locations":[{"start":{"line":368,"column":60},"end":{"line":368,"column":69}}]},"22":{"type":"branch","line":383,"loc":{"start":{"line":383,"column":34},"end":{"line":383,"column":49}},"locations":[{"start":{"line":383,"column":34},"end":{"line":383,"column":49}}]},"23":{"type":"branch","line":383,"loc":{"start":{"line":383,"column":43},"end":{"line":383,"column":51}},"locations":[{"start":{"line":383,"column":43},"end":{"line":383,"column":51}}]},"24":{"type":"branch","line":395,"loc":{"start":{"line":395,"column":56},"end":{"line":395,"column":69}},"locations":[{"start":{"line":395,"column":56},"end":{"line":395,"column":69}}]},"25":{"type":"branch","line":395,"loc":{"start":{"line":395,"column":65},"end":{"line":395,"column":74}},"locations":[{"start":{"line":395,"column":65},"end":{"line":395,"column":74}}]},"26":{"type":"branch","line":403,"loc":{"start":{"line":403,"column":13},"end":{"line":409,"column":21}},"locations":[{"start":{"line":403,"column":13},"end":{"line":409,"column":21}}]},"27":{"type":"branch","line":409,"loc":{"start":{"line":409,"column":14},"end":{"line":410,"column":21}},"locations":[{"start":{"line":409,"column":14},"end":{"line":410,"column":21}}]},"28":{"type":"branch","line":56,"loc":{"start":{"line":56,"column":32},"end":{"line":61,"column":5}},"locations":[{"start":{"line":56,"column":32},"end":{"line":61,"column":5}}]},"29":{"type":"branch","line":58,"loc":{"start":{"line":58,"column":28},"end":{"line":58,"column":61}},"locations":[{"start":{"line":58,"column":28},"end":{"line":58,"column":61}}]},"30":{"type":"branch","line":64,"loc":{"start":{"line":64,"column":4},"end":{"line":71,"column":6}},"locations":[{"start":{"line":64,"column":4},"end":{"line":71,"column":6}}]},"31":{"type":"branch","line":67,"loc":{"start":{"line":67,"column":37},"end":{"line":67,"column":43}},"locations":[{"start":{"line":67,"column":37},"end":{"line":67,"column":43}}]},"32":{"type":"branch","line":70,"loc":{"start":{"line":70,"column":15},"end":{"line":70,"column":42}},"locations":[{"start":{"line":70,"column":15},"end":{"line":70,"column":42}}]},"33":{"type":"branch","line":70,"loc":{"start":{"line":70,"column":21},"end":{"line":70,"column":42}},"locations":[{"start":{"line":70,"column":21},"end":{"line":70,"column":42}}]},"34":{"type":"branch","line":75,"loc":{"start":{"line":75,"column":28},"end":{"line":84,"column":5}},"locations":[{"start":{"line":75,"column":28},"end":{"line":84,"column":5}}]},"35":{"type":"branch","line":80,"loc":{"start":{"line":80,"column":28},"end":{"line":80,"column":61}},"locations":[{"start":{"line":80,"column":28},"end":{"line":80,"column":61}}]},"36":{"type":"branch","line":86,"loc":{"start":{"line":86,"column":12},"end":{"line":88,"column":5}},"locations":[{"start":{"line":86,"column":12},"end":{"line":88,"column":5}}]},"37":{"type":"branch","line":87,"loc":{"start":{"line":87,"column":18},"end":{"line":87,"column":26}},"locations":[{"start":{"line":87,"column":18},"end":{"line":87,"column":26}}]},"38":{"type":"branch","line":90,"loc":{"start":{"line":90,"column":28},"end":{"line":93,"column":5}},"locations":[{"start":{"line":90,"column":28},"end":{"line":93,"column":5}}]},"39":{"type":"branch","line":95,"loc":{"start":{"line":95,"column":33},"end":{"line":113,"column":5}},"locations":[{"start":{"line":95,"column":33},"end":{"line":113,"column":5}}]},"40":{"type":"branch","line":96,"loc":{"start":{"line":96,"column":31},"end":{"line":99,"column":5}},"locations":[{"start":{"line":96,"column":31},"end":{"line":99,"column":5}}]},"41":{"type":"branch","line":99,"loc":{"start":{"line":99,"column":4},"end":{"line":101,"column":29}},"locations":[{"start":{"line":99,"column":4},"end":{"line":101,"column":29}}]},"42":{"type":"branch","line":101,"loc":{"start":{"line":101,"column":29},"end":{"line":104,"column":5}},"locations":[{"start":{"line":101,"column":29},"end":{"line":104,"column":5}}]},"43":{"type":"branch","line":104,"loc":{"start":{"line":104,"column":4},"end":{"line":110,"column":5}},"locations":[{"start":{"line":104,"column":4},"end":{"line":110,"column":5}}]},"44":{"type":"branch","line":110,"loc":{"start":{"line":110,"column":4},"end":{"line":112,"column":31}},"locations":[{"start":{"line":110,"column":4},"end":{"line":112,"column":31}}]},"45":{"type":"branch","line":115,"loc":{"start":{"line":115,"column":34},"end":{"line":119,"column":5}},"locations":[{"start":{"line":115,"column":34},"end":{"line":119,"column":5}}]},"46":{"type":"branch","line":116,"loc":{"start":{"line":116,"column":21},"end":{"line":116,"column":28}},"locations":[{"start":{"line":116,"column":21},"end":{"line":116,"column":28}}]},"47":{"type":"branch","line":117,"loc":{"start":{"line":117,"column":20},"end":{"line":117,"column":29}},"locations":[{"start":{"line":117,"column":20},"end":{"line":117,"column":29}}]},"48":{"type":"branch","line":121,"loc":{"start":{"line":121,"column":35},"end":{"line":125,"column":5}},"locations":[{"start":{"line":121,"column":35},"end":{"line":125,"column":5}}]},"49":{"type":"branch","line":122,"loc":{"start":{"line":122,"column":28},"end":{"line":122,"column":35}},"locations":[{"start":{"line":122,"column":28},"end":{"line":122,"column":35}}]},"50":{"type":"branch","line":123,"loc":{"start":{"line":123,"column":14},"end":{"line":123,"column":54}},"locations":[{"start":{"line":123,"column":14},"end":{"line":123,"column":54}}]},"51":{"type":"branch","line":123,"loc":{"start":{"line":123,"column":37},"end":{"line":123,"column":54}},"locations":[{"start":{"line":123,"column":37},"end":{"line":123,"column":54}}]},"52":{"type":"branch","line":127,"loc":{"start":{"line":127,"column":38},"end":{"line":150,"column":5}},"locations":[{"start":{"line":127,"column":38},"end":{"line":150,"column":5}}]},"53":{"type":"branch","line":128,"loc":{"start":{"line":128,"column":23},"end":{"line":128,"column":30}},"locations":[{"start":{"line":128,"column":23},"end":{"line":128,"column":30}}]},"54":{"type":"branch","line":129,"loc":{"start":{"line":129,"column":16},"end":{"line":129,"column":23}},"locations":[{"start":{"line":129,"column":16},"end":{"line":129,"column":23}}]},"55":{"type":"branch","line":137,"loc":{"start":{"line":137,"column":14},"end":{"line":137,"column":47}},"locations":[{"start":{"line":137,"column":14},"end":{"line":137,"column":47}}]},"56":{"type":"branch","line":137,"loc":{"start":{"line":137,"column":47},"end":{"line":137,"column":54}},"locations":[{"start":{"line":137,"column":47},"end":{"line":137,"column":54}}]},"57":{"type":"branch","line":137,"loc":{"start":{"line":137,"column":47},"end":{"line":138,"column":37}},"locations":[{"start":{"line":137,"column":47},"end":{"line":138,"column":37}}]},"58":{"type":"branch","line":139,"loc":{"start":{"line":139,"column":16},"end":{"line":145,"column":12}},"locations":[{"start":{"line":139,"column":16},"end":{"line":145,"column":12}}]},"59":{"type":"branch","line":145,"loc":{"start":{"line":145,"column":4},"end":{"line":147,"column":6}},"locations":[{"start":{"line":145,"column":4},"end":{"line":147,"column":6}}]},"60":{"type":"branch","line":147,"loc":{"start":{"line":147,"column":4},"end":{"line":147,"column":6}},"locations":[{"start":{"line":147,"column":4},"end":{"line":147,"column":6}}]},"61":{"type":"branch","line":152,"loc":{"start":{"line":152,"column":35},"end":{"line":198,"column":5}},"locations":[{"start":{"line":152,"column":35},"end":{"line":198,"column":5}}]},"62":{"type":"branch","line":153,"loc":{"start":{"line":153,"column":16},"end":{"line":153,"column":23}},"locations":[{"start":{"line":153,"column":16},"end":{"line":153,"column":23}}]},"63":{"type":"branch","line":156,"loc":{"start":{"line":156,"column":33},"end":{"line":171,"column":7}},"locations":[{"start":{"line":156,"column":33},"end":{"line":171,"column":7}}]},"64":{"type":"branch","line":173,"loc":{"start":{"line":173,"column":32},"end":{"line":176,"column":7}},"locations":[{"start":{"line":173,"column":32},"end":{"line":176,"column":7}}]},"65":{"type":"branch","line":176,"loc":{"start":{"line":176,"column":6},"end":{"line":177,"column":32}},"locations":[{"start":{"line":176,"column":6},"end":{"line":177,"column":32}}]},"66":{"type":"branch","line":177,"loc":{"start":{"line":177,"column":21},"end":{"line":177,"column":90}},"locations":[{"start":{"line":177,"column":21},"end":{"line":177,"column":90}}]},"67":{"type":"branch","line":177,"loc":{"start":{"line":177,"column":90},"end":{"line":186,"column":29}},"locations":[{"start":{"line":177,"column":90},"end":{"line":186,"column":29}}]},"68":{"type":"branch","line":187,"loc":{"start":{"line":187,"column":16},"end":{"line":190,"column":7}},"locations":[{"start":{"line":187,"column":16},"end":{"line":190,"column":7}}]},"69":{"type":"branch","line":190,"loc":{"start":{"line":190,"column":6},"end":{"line":193,"column":12}},"locations":[{"start":{"line":190,"column":6},"end":{"line":193,"column":12}}]},"70":{"type":"branch","line":193,"loc":{"start":{"line":193,"column":4},"end":{"line":195,"column":6}},"locations":[{"start":{"line":193,"column":4},"end":{"line":195,"column":6}}]},"71":{"type":"branch","line":195,"loc":{"start":{"line":195,"column":4},"end":{"line":195,"column":6}},"locations":[{"start":{"line":195,"column":4},"end":{"line":195,"column":6}}]},"72":{"type":"branch","line":205,"loc":{"start":{"line":205,"column":24},"end":{"line":211,"column":5}},"locations":[{"start":{"line":205,"column":24},"end":{"line":211,"column":5}}]},"73":{"type":"branch","line":213,"loc":{"start":{"line":213,"column":30},"end":{"line":213,"column":85}},"locations":[{"start":{"line":213,"column":30},"end":{"line":213,"column":85}}]},"74":{"type":"branch","line":214,"loc":{"start":{"line":214,"column":32},"end":{"line":214,"column":71}},"locations":[{"start":{"line":214,"column":32},"end":{"line":214,"column":71}}]}},"b":{"0":[27],"1":[16],"2":[11],"3":[3],"4":[24],"5":[1],"6":[26],"7":[11],"8":[16],"9":[1],"10":[26],"11":[1],"12":[26],"13":[1],"14":[26],"15":[0],"16":[2],"17":[25],"18":[5],"19":[22],"20":[26],"21":[1],"22":[1],"23":[26],"24":[26],"25":[1],"26":[1],"27":[26],"28":[5],"29":[0],"30":[6],"31":[0],"32":[6],"33":[0],"34":[2],"35":[0],"36":[10],"37":[0],"38":[2],"39":[8],"40":[1],"41":[7],"42":[6],"43":[1],"44":[0],"45":[1],"46":[0],"47":[1],"48":[1],"49":[0],"50":[1],"51":[0],"52":[3],"53":[0],"54":[0],"55":[2],"56":[1],"57":[2],"58":[1],"59":[0],"60":[1],"61":[3],"62":[0],"63":[0],"64":[1],"65":[2],"66":[1],"67":[1],"68":[0],"69":[1],"70":[0],"71":[1],"72":[10],"73":[10],"74":[10]},"fnMap":{"0":{"name":"PhotoCaptureFlow","decl":{"start":{"line":30,"column":0},"end":{"line":416,"column":1}},"loc":{"start":{"line":30,"column":0},"end":{"line":416,"column":1}},"line":30},"1":{"name":"onPress","decl":{"start":{"line":271,"column":23},"end":{"line":271,"column":55}},"loc":{"start":{"line":271,"column":23},"end":{"line":271,"column":55}},"line":271}},"f":{"0":27,"1":0}}
,"C:\\Users\\ACER\\Documents\\1\\smartgrocery_fe_customer_staff\\src\\utils\\homeUtils.ts": {"path":"C:\\Users\\ACER\\Documents\\1\\smartgrocery_fe_customer_staff\\src\\utils\\homeUtils.ts","all":false,"statementMap":{"2":{"start":{"line":3,"column":0},"end":{"line":3,"column":70}},"3":{"start":{"line":4,"column":0},"end":{"line":4,"column":70}},"4":{"start":{"line":5,"column":0},"end":{"line":5,"column":67}},"14":{"start":{"line":15,"column":0},"end":{"line":15,"column":46}},"15":{"start":{"line":16,"column":0},"end":{"line":16,"column":3}},"16":{"start":{"line":17,"column":0},"end":{"line":17,"column":13}},"17":{"start":{"line":18,"column":0},"end":{"line":18,"column":24}},"18":{"start":{"line":19,"column":0},"end":{"line":19,"column":47}},"19":{"start":{"line":20,"column":0},"end":{"line":20,"column":33}},"20":{"start":{"line":21,"column":0},"end":{"line":21,"column":4}},"21":{"start":{"line":22,"column":0},"end":{"line":22,"column":3}},"22":{"start":{"line":23,"column":0},"end":{"line":23,"column":13}},"23":{"start":{"line":24,"column":0},"end":{"line":24,"column":29}},"24":{"start":{"line":25,"column":0},"end":{"line":25,"column":60}},"25":{"start":{"line":26,"column":0},"end":{"line":26,"column":33}},"26":{"start":{"line":27,"column":0},"end":{"line":27,"column":4}},"27":{"start":{"line":28,"column":0},"end":{"line":28,"column":3}},"28":{"start":{"line":29,"column":0},"end":{"line":29,"column":13}},"29":{"start":{"line":30,"column":0},"end":{"line":30,"column":32}},"30":{"start":{"line":31,"column":0},"end":{"line":31,"column":55}},"31":{"start":{"line":32,"column":0},"end":{"line":32,"column":32}},"32":{"start":{"line":33,"column":0},"end":{"line":33,"column":4}},"33":{"start":{"line":34,"column":0},"end":{"line":34,"column":2}},"35":{"start":{"line":36,"column":0},"end":{"line":36,"column":123}},"36":{"start":{"line":37,"column":0},"end":{"line":37,"column":25}},"37":{"start":{"line":38,"column":0},"end":{"line":38,"column":126}},"38":{"start":{"line":39,"column":0},"end":{"line":39,"column":64}},"39":{"start":{"line":40,"column":0},"end":{"line":40,"column":63}},"40":{"start":{"line":41,"column":0},"end":{"line":41,"column":48}},"41":{"start":{"line":42,"column":0},"end":{"line":42,"column":2}},"43":{"start":{"line":44,"column":0},"end":{"line":44,"column":89}},"44":{"start":{"line":45,"column":0},"end":{"line":45,"column":45}},"46":{"start":{"line":47,"column":0},"end":{"line":47,"column":98}},"48":{"start":{"line":49,"column":0},"end":{"line":49,"column":90}},"49":{"start":{"line":50,"column":0},"end":{"line":50,"column":50}},"50":{"start":{"line":51,"column":0},"end":{"line":51,"column":33}},"51":{"start":{"line":52,"column":0},"end":{"line":52,"column":32}},"52":{"start":{"line":53,"column":0},"end":{"line":53,"column":40}},"53":{"start":{"line":54,"column":0},"end":{"line":54,"column":37}},"54":{"start":{"line":55,"column":0},"end":{"line":55,"column":37}},"55":{"start":{"line":56,"column":0},"end":{"line":56,"column":86}},"56":{"start":{"line":57,"column":0},"end":{"line":57,"column":14}},"57":{"start":{"line":58,"column":0},"end":{"line":58,"column":4}},"59":{"start":{"line":60,"column":0},"end":{"line":60,"column":62}},"60":{"start":{"line":61,"column":0},"end":{"line":61,"column":48}},"61":{"start":{"line":62,"column":0},"end":{"line":62,"column":2}}},"s":{"2":1,"3":1,"4":1,"14":1,"15":1,"16":1,"17":1,"18":1,"19":1,"20":1,"21":1,"22":1,"23":1,"24":1,"25":1,"26":1,"27":1,"28":1,"29":1,"30":1,"31":1,"32":1,"33":1,"35":1,"36":1,"37":1,"38":1,"39":1,"40":1,"41":1,"43":1,"44":2,"46":1,"48":1,"49":1,"50":1,"51":12,"52":12,"53":12,"54":12,"55":12,"56":0,"57":12,"59":1,"60":1,"61":1},"branchMap":{"0":{"type":"branch","line":36,"loc":{"start":{"line":36,"column":33},"end":{"line":42,"column":2}},"locations":[{"start":{"line":36,"column":33},"end":{"line":42,"column":2}}]},"1":{"type":"branch","line":38,"loc":{"start":{"line":38,"column":12},"end":{"line":38,"column":125}},"locations":[{"start":{"line":38,"column":12},"end":{"line":38,"column":125}}]},"2":{"type":"branch","line":38,"loc":{"start":{"line":38,"column":92},"end":{"line":38,"column":125}},"locations":[{"start":{"line":38,"column":92},"end":{"line":38,"column":125}}]},"3":{"type":"branch","line":39,"loc":{"start":{"line":39,"column":9},"end":{"line":39,"column":62}},"locations":[{"start":{"line":39,"column":9},"end":{"line":39,"column":62}}]},"4":{"type":"branch","line":40,"loc":{"start":{"line":40,"column":14},"end":{"line":40,"column":61}},"locations":[{"start":{"line":40,"column":14},"end":{"line":40,"column":61}}]},"5":{"type":"branch","line":44,"loc":{"start":{"line":44,"column":32},"end":{"line":45,"column":45}},"locations":[{"start":{"line":44,"column":32},"end":{"line":45,"column":45}}]},"6":{"type":"branch","line":47,"loc":{"start":{"line":47,"column":18},"end":{"line":47,"column":98}},"locations":[{"start":{"line":47,"column":18},"end":{"line":47,"column":98}}]},"7":{"type":"branch","line":49,"loc":{"start":{"line":49,"column":35},"end":{"line":62,"column":2}},"locations":[{"start":{"line":49,"column":35},"end":{"line":62,"column":2}}]},"8":{"type":"branch","line":50,"loc":{"start":{"line":50,"column":30},"end":{"line":50,"column":48}},"locations":[{"start":{"line":50,"column":30},"end":{"line":50,"column":48}}]},"9":{"type":"branch","line":51,"loc":{"start":{"line":51,"column":16},"end":{"line":58,"column":4}},"locations":[{"start":{"line":51,"column":16},"end":{"line":58,"column":4}}]},"10":{"type":"branch","line":53,"loc":{"start":{"line":53,"column":29},"end":{"line":53,"column":40}},"locations":[{"start":{"line":53,"column":29},"end":{"line":53,"column":40}}]},"11":{"type":"branch","line":53,"loc":{"start":{"line":53,"column":36},"end":{"line":54,"column":34}},"locations":[{"start":{"line":53,"column":36},"end":{"line":54,"column":34}}]},"12":{"type":"branch","line":54,"loc":{"start":{"line":54,"column":27},"end":{"line":54,"column":37}},"locations":[{"start":{"line":54,"column":27},"end":{"line":54,"column":37}}]},"13":{"type":"branch","line":54,"loc":{"start":{"line":54,"column":34},"end":{"line":55,"column":34}},"locations":[{"start":{"line":54,"column":34},"end":{"line":55,"column":34}}]},"14":{"type":"branch","line":55,"loc":{"start":{"line":55,"column":27},"end":{"line":55,"column":37}},"locations":[{"start":{"line":55,"column":27},"end":{"line":55,"column":37}}]},"15":{"type":"branch","line":55,"loc":{"start":{"line":55,"column":34},"end":{"line":56,"column":53}},"locations":[{"start":{"line":55,"column":34},"end":{"line":56,"column":53}}]},"16":{"type":"branch","line":56,"loc":{"start":{"line":56,"column":48},"end":{"line":56,"column":76}},"locations":[{"start":{"line":56,"column":48},"end":{"line":56,"column":76}}]},"17":{"type":"branch","line":56,"loc":{"start":{"line":56,"column":76},"end":{"line":56,"column":86}},"locations":[{"start":{"line":56,"column":76},"end":{"line":56,"column":86}}]},"18":{"type":"branch","line":56,"loc":{"start":{"line":56,"column":83},"end":{"line":57,"column":14}},"locations":[{"start":{"line":56,"column":83},"end":{"line":57,"column":14}}]},"19":{"type":"branch","line":60,"loc":{"start":{"line":60,"column":31},"end":{"line":60,"column":60}},"locations":[{"start":{"line":60,"column":31},"end":{"line":60,"column":60}}]}},"b":{"0":[1],"1":[20],"2":[12],"3":[12],"4":[11],"5":[2],"6":[12],"7":[1],"8":[4],"9":[12],"10":[3],"11":[9],"12":[4],"13":[5],"14":[2],"15":[3],"16":[0],"17":[3],"18":[0],"19":[6]},"fnMap":{"0":{"name":"pickTopDiscounted","decl":{"start":{"line":36,"column":33},"end":{"line":42,"column":2}},"loc":{"start":{"line":36,"column":33},"end":{"line":42,"column":2}},"line":36},"1":{"name":"pickCategoryGrid","decl":{"start":{"line":44,"column":32},"end":{"line":45,"column":45}},"loc":{"start":{"line":44,"column":32},"end":{"line":45,"column":45}},"line":44},"2":{"name":"normalize","decl":{"start":{"line":47,"column":18},"end":{"line":47,"column":98}},"loc":{"start":{"line":47,"column":18},"end":{"line":47,"column":98}},"line":47},"3":{"name":"pickAiNudgeProducts","decl":{"start":{"line":49,"column":35},"end":{"line":62,"column":2}},"loc":{"start":{"line":49,"column":35},"end":{"line":62,"column":2}},"line":49},"4":{"name":"score","decl":{"start":{"line":51,"column":16},"end":{"line":58,"column":4}},"loc":{"start":{"line":51,"column":16},"end":{"line":58,"column":4}},"line":51}},"f":{"0":1,"1":2,"2":12,"3":1,"4":12}}
,"C:\\Users\\ACER\\Documents\\1\\smartgrocery_fe_customer_staff\\src\\utils\\loginValidation.ts": {"path":"C:\\Users\\ACER\\Documents\\1\\smartgrocery_fe_customer_staff\\src\\utils\\loginValidation.ts","all":false,"statementMap":{"0":{"start":{"line":1,"column":0},"end":{"line":1,"column":90}},"2":{"start":{"line":3,"column":0},"end":{"line":3,"column":116}},"3":{"start":{"line":4,"column":0},"end":{"line":4,"column":56}},"4":{"start":{"line":5,"column":0},"end":{"line":5,"column":56}},"5":{"start":{"line":6,"column":0},"end":{"line":6,"column":62}},"6":{"start":{"line":7,"column":0},"end":{"line":7,"column":19}},"7":{"start":{"line":8,"column":0},"end":{"line":8,"column":2}},"9":{"start":{"line":10,"column":0},"end":{"line":10,"column":122}},"10":{"start":{"line":11,"column":0},"end":{"line":11,"column":56}},"11":{"start":{"line":12,"column":0},"end":{"line":12,"column":55}},"12":{"start":{"line":13,"column":0},"end":{"line":13,"column":75}},"13":{"start":{"line":14,"column":0},"end":{"line":14,"column":19}},"14":{"start":{"line":15,"column":0},"end":{"line":15,"column":2}},"16":{"start":{"line":17,"column":0},"end":{"line":17,"column":88}},"17":{"start":{"line":18,"column":0},"end":{"line":18,"column":58}}},"s":{"0":1,"2":1,"3":6,"4":6,"5":6,"6":1,"7":1,"9":1,"10":6,"11":6,"12":6,"13":1,"14":1,"16":1,"17":3},"branchMap":{"0":{"type":"branch","line":1,"loc":{"start":{"line":1,"column":28},"end":{"line":1,"column":90}},"locations":[{"start":{"line":1,"column":28},"end":{"line":1,"column":90}}]},"1":{"type":"branch","line":3,"loc":{"start":{"line":3,"column":29},"end":{"line":8,"column":2}},"locations":[{"start":{"line":3,"column":29},"end":{"line":8,"column":2}}]},"2":{"type":"branch","line":4,"loc":{"start":{"line":4,"column":13},"end":{"line":4,"column":39}},"locations":[{"start":{"line":4,"column":13},"end":{"line":4,"column":39}}]},"3":{"type":"branch","line":4,"loc":{"start":{"line":4,"column":39},"end":{"line":5,"column":34}},"locations":[{"start":{"line":4,"column":39},"end":{"line":5,"column":34}}]},"4":{"type":"branch","line":5,"loc":{"start":{"line":5,"column":27},"end":{"line":5,"column":56}},"locations":[{"start":{"line":5,"column":27},"end":{"line":5,"column":56}}]},"5":{"type":"branch","line":5,"loc":{"start":{"line":5,"column":34},"end":{"line":6,"column":41}},"locations":[{"start":{"line":5,"column":34},"end":{"line":6,"column":41}}]},"6":{"type":"branch","line":6,"loc":{"start":{"line":6,"column":34},"end":{"line":8,"column":2}},"locations":[{"start":{"line":6,"column":34},"end":{"line":8,"column":2}}]},"7":{"type":"branch","line":10,"loc":{"start":{"line":10,"column":32},"end":{"line":15,"column":2}},"locations":[{"start":{"line":10,"column":32},"end":{"line":15,"column":2}}]},"8":{"type":"branch","line":11,"loc":{"start":{"line":11,"column":13},"end":{"line":11,"column":39}},"locations":[{"start":{"line":11,"column":13},"end":{"line":11,"column":39}}]},"9":{"type":"branch","line":11,"loc":{"start":{"line":11,"column":39},"end":{"line":12,"column":30}},"locations":[{"start":{"line":11,"column":39},"end":{"line":12,"column":30}}]},"10":{"type":"branch","line":12,"loc":{"start":{"line":12,"column":23},"end":{"line":12,"column":55}},"locations":[{"start":{"line":12,"column":23},"end":{"line":12,"column":55}}]},"11":{"type":"branch","line":12,"loc":{"start":{"line":12,"column":30},"end":{"line":13,"column":40}},"locations":[{"start":{"line":12,"column":30},"end":{"line":13,"column":40}}]},"12":{"type":"branch","line":13,"loc":{"start":{"line":13,"column":33},"end":{"line":15,"column":2}},"locations":[{"start":{"line":13,"column":33},"end":{"line":15,"column":2}}]},"13":{"type":"branch","line":17,"loc":{"start":{"line":17,"column":32},"end":{"line":18,"column":58}},"locations":[{"start":{"line":17,"column":32},"end":{"line":18,"column":58}}]},"14":{"type":"branch","line":18,"loc":{"start":{"line":18,"column":26},"end":{"line":18,"column":58}},"locations":[{"start":{"line":18,"column":26},"end":{"line":18,"column":58}}]}},"b":{"0":[8],"1":[6],"2":[5],"3":[3],"4":[1],"5":[2],"6":[1],"7":[6],"8":[5],"9":[3],"10":[1],"11":[2],"12":[1],"13":[3],"14":[2]},"fnMap":{"0":{"name":"isEmailValid","decl":{"start":{"line":1,"column":28},"end":{"line":1,"column":90}},"loc":{"start":{"line":1,"column":28},"end":{"line":1,"column":90}},"line":1},"1":{"name":"getEmailError","decl":{"start":{"line":3,"column":29},"end":{"line":8,"column":2}},"loc":{"start":{"line":3,"column":29},"end":{"line":8,"column":2}},"line":3},"2":{"name":"getPasswordError","decl":{"start":{"line":10,"column":32},"end":{"line":15,"column":2}},"loc":{"start":{"line":10,"column":32},"end":{"line":15,"column":2}},"line":10},"3":{"name":"isLoginFormValid","decl":{"start":{"line":17,"column":32},"end":{"line":18,"column":58}},"loc":{"start":{"line":17,"column":32},"end":{"line":18,"column":58}},"line":17}},"f":{"0":8,"1":6,"2":6,"3":3}}
,"C:\\Users\\ACER\\Documents\\1\\smartgrocery_fe_customer_staff\\src\\utils\\staffPickingUtils.ts": {"path":"C:\\Users\\ACER\\Documents\\1\\smartgrocery_fe_customer_staff\\src\\utils\\staffPickingUtils.ts","all":false,"statementMap":{"52":{"start":{"line":53,"column":0},"end":{"line":53,"column":79}},"53":{"start":{"line":54,"column":0},"end":{"line":54,"column":62}},"54":{"start":{"line":55,"column":0},"end":{"line":55,"column":38}},"55":{"start":{"line":56,"column":0},"end":{"line":56,"column":26}},"56":{"start":{"line":57,"column":0},"end":{"line":57,"column":41}},"57":{"start":{"line":58,"column":0},"end":{"line":58,"column":2}},"59":{"start":{"line":60,"column":0},"end":{"line":60,"column":85}},"60":{"start":{"line":61,"column":0},"end":{"line":61,"column":54}},"61":{"start":{"line":62,"column":0},"end":{"line":62,"column":35}},"62":{"start":{"line":63,"column":0},"end":{"line":63,"column":92}},"63":{"start":{"line":64,"column":0},"end":{"line":64,"column":33}},"64":{"start":{"line":65,"column":0},"end":{"line":65,"column":34}},"65":{"start":{"line":66,"column":0},"end":{"line":66,"column":42}},"66":{"start":{"line":67,"column":0},"end":{"line":67,"column":29}},"67":{"start":{"line":68,"column":0},"end":{"line":68,"column":55}},"68":{"start":{"line":69,"column":0},"end":{"line":69,"column":27}},"69":{"start":{"line":70,"column":0},"end":{"line":70,"column":33}},"70":{"start":{"line":71,"column":0},"end":{"line":71,"column":17}},"71":{"start":{"line":72,"column":0},"end":{"line":72,"column":27}},"72":{"start":{"line":73,"column":0},"end":{"line":73,"column":6}},"73":{"start":{"line":74,"column":0},"end":{"line":74,"column":5}},"74":{"start":{"line":75,"column":0},"end":{"line":75,"column":10}},"75":{"start":{"line":76,"column":0},"end":{"line":76,"column":31}},"76":{"start":{"line":77,"column":0},"end":{"line":77,"column":39}},"77":{"start":{"line":78,"column":0},"end":{"line":78,"column":53}},"78":{"start":{"line":79,"column":0},"end":{"line":79,"column":14}},"79":{"start":{"line":80,"column":0},"end":{"line":80,"column":23}},"80":{"start":{"line":81,"column":0},"end":{"line":81,"column":4}},"81":{"start":{"line":82,"column":0},"end":{"line":82,"column":2}},"83":{"start":{"line":84,"column":0},"end":{"line":84,"column":99}},"84":{"start":{"line":85,"column":0},"end":{"line":85,"column":54}},"85":{"start":{"line":86,"column":0},"end":{"line":86,"column":50}},"86":{"start":{"line":87,"column":0},"end":{"line":87,"column":18}},"87":{"start":{"line":88,"column":0},"end":{"line":88,"column":20}},"88":{"start":{"line":89,"column":0},"end":{"line":89,"column":44}},"89":{"start":{"line":90,"column":0},"end":{"line":90,"column":75}},"90":{"start":{"line":91,"column":0},"end":{"line":91,"column":49}},"91":{"start":{"line":92,"column":0},"end":{"line":92,"column":8}},"93":{"start":{"line":94,"column":0},"end":{"line":94,"column":76}},"94":{"start":{"line":95,"column":0},"end":{"line":95,"column":16}},"95":{"start":{"line":96,"column":0},"end":{"line":96,"column":18}},"96":{"start":{"line":97,"column":0},"end":{"line":97,"column":56}},"97":{"start":{"line":98,"column":0},"end":{"line":98,"column":67}},"98":{"start":{"line":99,"column":0},"end":{"line":99,"column":10}},"99":{"start":{"line":100,"column":0},"end":{"line":100,"column":7}},"101":{"start":{"line":102,"column":0},"end":{"line":102,"column":83}},"102":{"start":{"line":103,"column":0},"end":{"line":103,"column":7}},"104":{"start":{"line":105,"column":0},"end":{"line":105,"column":25}},"105":{"start":{"line":106,"column":0},"end":{"line":106,"column":2}}},"s":{"52":1,"53":11,"54":11,"55":10,"56":10,"57":10,"59":1,"60":2,"61":2,"62":4,"63":4,"64":4,"65":4,"66":4,"67":4,"68":4,"69":4,"70":4,"71":4,"72":4,"73":2,"74":2,"75":2,"76":2,"77":2,"78":2,"79":2,"80":2,"81":2,"83":1,"84":1,"85":1,"86":1,"87":2,"88":2,"89":2,"90":2,"91":2,"93":2,"94":1,"95":1,"96":1,"97":1,"98":1,"99":1,"101":2,"102":1,"104":1,"105":1},"branchMap":{"0":{"type":"branch","line":53,"loc":{"start":{"line":53,"column":24},"end":{"line":58,"column":2}},"locations":[{"start":{"line":53,"column":24},"end":{"line":58,"column":2}}]},"1":{"type":"branch","line":54,"loc":{"start":{"line":54,"column":29},"end":{"line":54,"column":48}},"locations":[{"start":{"line":54,"column":29},"end":{"line":54,"column":48}}]},"2":{"type":"branch","line":54,"loc":{"start":{"line":54,"column":40},"end":{"line":54,"column":62}},"locations":[{"start":{"line":54,"column":40},"end":{"line":54,"column":62}}]},"3":{"type":"branch","line":55,"loc":{"start":{"line":55,"column":27},"end":{"line":55,"column":38}},"locations":[{"start":{"line":55,"column":27},"end":{"line":55,"column":38}}]},"4":{"type":"branch","line":55,"loc":{"start":{"line":55,"column":34},"end":{"line":58,"column":2}},"locations":[{"start":{"line":55,"column":34},"end":{"line":58,"column":2}}]},"5":{"type":"branch","line":60,"loc":{"start":{"line":60,"column":35},"end":{"line":82,"column":2}},"locations":[{"start":{"line":60,"column":35},"end":{"line":82,"column":2}}]},"6":{"type":"branch","line":62,"loc":{"start":{"line":62,"column":26},"end":{"line":74,"column":3}},"locations":[{"start":{"line":62,"column":26},"end":{"line":74,"column":3}}]},"7":{"type":"branch","line":84,"loc":{"start":{"line":84,"column":43},"end":{"line":106,"column":2}},"locations":[{"start":{"line":84,"column":43},"end":{"line":106,"column":2}}]},"8":{"type":"branch","line":86,"loc":{"start":{"line":86,"column":10},"end":{"line":86,"column":49}},"locations":[{"start":{"line":86,"column":10},"end":{"line":86,"column":49}}]},"9":{"type":"branch","line":87,"loc":{"start":{"line":87,"column":9},"end":{"line":103,"column":5}},"locations":[{"start":{"line":87,"column":9},"end":{"line":103,"column":5}}]},"10":{"type":"branch","line":94,"loc":{"start":{"line":94,"column":13},"end":{"line":94,"column":75}},"locations":[{"start":{"line":94,"column":13},"end":{"line":94,"column":75}}]},"11":{"type":"branch","line":94,"loc":{"start":{"line":94,"column":75},"end":{"line":102,"column":48}},"locations":[{"start":{"line":94,"column":75},"end":{"line":102,"column":48}}]},"12":{"type":"branch","line":98,"loc":{"start":{"line":98,"column":53},"end":{"line":98,"column":67}},"locations":[{"start":{"line":98,"column":53},"end":{"line":98,"column":67}}]},"13":{"type":"branch","line":102,"loc":{"start":{"line":102,"column":48},"end":{"line":102,"column":71}},"locations":[{"start":{"line":102,"column":48},"end":{"line":102,"column":71}}]},"14":{"type":"branch","line":102,"loc":{"start":{"line":102,"column":67},"end":{"line":102,"column":81}},"locations":[{"start":{"line":102,"column":67},"end":{"line":102,"column":81}}]}},"b":{"0":[11],"1":[9],"2":[2],"3":[1],"4":[10],"5":[2],"6":[4],"7":[1],"8":[1],"9":[2],"10":[1],"11":[1],"12":[0],"13":[1],"14":[0]},"fnMap":{"0":{"name":"clampInt","decl":{"start":{"line":53,"column":24},"end":{"line":58,"column":2}},"loc":{"start":{"line":53,"column":24},"end":{"line":58,"column":2}},"line":53},"1":{"name":"buildInitialSession","decl":{"start":{"line":60,"column":35},"end":{"line":82,"column":2}},"loc":{"start":{"line":60,"column":35},"end":{"line":82,"column":2}},"line":60},"2":{"name":"buildCompletePickingPayload","decl":{"start":{"line":84,"column":43},"end":{"line":106,"column":2}},"loc":{"start":{"line":84,"column":43},"end":{"line":106,"column":2}},"line":84}},"f":{"0":11,"1":2,"2":1}}
}
