{"C:\\Users\\ACER\\Documents\\1\\smartgrocery_fe_customer_staff\\src\\utils\\loginValidation.ts": {"path":"C:\\Users\\ACER\\Documents\\1\\smartgrocery_fe_customer_staff\\src\\utils\\loginValidation.ts","all":false,"statementMap":{"0":{"start":{"line":1,"column":0},"end":{"line":1,"column":90}},"2":{"start":{"line":3,"column":0},"end":{"line":3,"column":116}},"3":{"start":{"line":4,"column":0},"end":{"line":4,"column":56}},"4":{"start":{"line":5,"column":0},"end":{"line":5,"column":56}},"5":{"start":{"line":6,"column":0},"end":{"line":6,"column":62}},"6":{"start":{"line":7,"column":0},"end":{"line":7,"column":19}},"7":{"start":{"line":8,"column":0},"end":{"line":8,"column":2}},"9":{"start":{"line":10,"column":0},"end":{"line":10,"column":122}},"10":{"start":{"line":11,"column":0},"end":{"line":11,"column":56}},"11":{"start":{"line":12,"column":0},"end":{"line":12,"column":55}},"12":{"start":{"line":13,"column":0},"end":{"line":13,"column":75}},"13":{"start":{"line":14,"column":0},"end":{"line":14,"column":19}},"14":{"start":{"line":15,"column":0},"end":{"line":15,"column":2}},"16":{"start":{"line":17,"column":0},"end":{"line":17,"column":88}},"17":{"start":{"line":18,"column":0},"end":{"line":18,"column":58}}},"s":{"0":1,"2":1,"3":6,"4":6,"5":6,"6":1,"7":1,"9":1,"10":6,"11":6,"12":6,"13":1,"14":1,"16":1,"17":3},"branchMap":{"0":{"type":"branch","line":1,"loc":{"start":{"line":1,"column":28},"end":{"line":1,"column":90}},"locations":[{"start":{"line":1,"column":28},"end":{"line":1,"column":90}}]},"1":{"type":"branch","line":3,"loc":{"start":{"line":3,"column":29},"end":{"line":8,"column":2}},"locations":[{"start":{"line":3,"column":29},"end":{"line":8,"column":2}}]},"2":{"type":"branch","line":4,"loc":{"start":{"line":4,"column":13},"end":{"line":4,"column":39}},"locations":[{"start":{"line":4,"column":13},"end":{"line":4,"column":39}}]},"3":{"type":"branch","line":4,"loc":{"start":{"line":4,"column":39},"end":{"line":5,"column":34}},"locations":[{"start":{"line":4,"column":39},"end":{"line":5,"column":34}}]},"4":{"type":"branch","line":5,"loc":{"start":{"line":5,"column":27},"end":{"line":5,"column":56}},"locations":[{"start":{"line":5,"column":27},"end":{"line":5,"column":56}}]},"5":{"type":"branch","line":5,"loc":{"start":{"line":5,"column":34},"end":{"line":6,"column":41}},"locations":[{"start":{"line":5,"column":34},"end":{"line":6,"column":41}}]},"6":{"type":"branch","line":6,"loc":{"start":{"line":6,"column":34},"end":{"line":8,"column":2}},"locations":[{"start":{"line":6,"column":34},"end":{"line":8,"column":2}}]},"7":{"type":"branch","line":10,"loc":{"start":{"line":10,"column":32},"end":{"line":15,"column":2}},"locations":[{"start":{"line":10,"column":32},"end":{"line":15,"column":2}}]},"8":{"type":"branch","line":11,"loc":{"start":{"line":11,"column":13},"end":{"line":11,"column":39}},"locations":[{"start":{"line":11,"column":13},"end":{"line":11,"column":39}}]},"9":{"type":"branch","line":11,"loc":{"start":{"line":11,"column":39},"end":{"line":12,"column":30}},"locations":[{"start":{"line":11,"column":39},"end":{"line":12,"column":30}}]},"10":{"type":"branch","line":12,"loc":{"start":{"line":12,"column":23},"end":{"line":12,"column":55}},"locations":[{"start":{"line":12,"column":23},"end":{"line":12,"column":55}}]},"11":{"type":"branch","line":12,"loc":{"start":{"line":12,"column":30},"end":{"line":13,"column":40}},"locations":[{"start":{"line":12,"column":30},"end":{"line":13,"column":40}}]},"12":{"type":"branch","line":13,"loc":{"start":{"line":13,"column":33},"end":{"line":15,"column":2}},"locations":[{"start":{"line":13,"column":33},"end":{"line":15,"column":2}}]},"13":{"type":"branch","line":17,"loc":{"start":{"line":17,"column":32},"end":{"line":18,"column":58}},"locations":[{"start":{"line":17,"column":32},"end":{"line":18,"column":58}}]},"14":{"type":"branch","line":18,"loc":{"start":{"line":18,"column":26},"end":{"line":18,"column":58}},"locations":[{"start":{"line":18,"column":26},"end":{"line":18,"column":58}}]}},"b":{"0":[8],"1":[6],"2":[5],"3":[3],"4":[1],"5":[2],"6":[1],"7":[6],"8":[5],"9":[3],"10":[1],"11":[2],"12":[1],"13":[3],"14":[2]},"fnMap":{"0":{"name":"isEmailValid","decl":{"start":{"line":1,"column":28},"end":{"line":1,"column":90}},"loc":{"start":{"line":1,"column":28},"end":{"line":1,"column":90}},"line":1},"1":{"name":"getEmailError","decl":{"start":{"line":3,"column":29},"end":{"line":8,"column":2}},"loc":{"start":{"line":3,"column":29},"end":{"line":8,"column":2}},"line":3},"2":{"name":"getPasswordError","decl":{"start":{"line":10,"column":32},"end":{"line":15,"column":2}},"loc":{"start":{"line":10,"column":32},"end":{"line":15,"column":2}},"line":10},"3":{"name":"isLoginFormValid","decl":{"start":{"line":17,"column":32},"end":{"line":18,"column":58}},"loc":{"start":{"line":17,"column":32},"end":{"line":18,"column":58}},"line":17}},"f":{"0":8,"1":6,"2":6,"3":3}}
}
